<?xml version="1.0" encoding="UTF-8"?>
<testsuite xmlns:xsi="http://www.w3.org/2001/XMLSchema-instance" xsi:noNamespaceSchemaLocation="https://maven.apache.org/surefire/maven-surefire-plugin/xsd/surefire-test-report.xsd" name="jobshop.encodings.ManualEncodingTests" time="0.054" tests="4" errors="0" skipped="3" failures="0">
  <properties>
[...]
</properties>
  <testcase name="testManualSchedule" classname="jobshop.encodings.ManualEncodingTests" time="0.021"/>
  <testcase name="testInvalidResourceOrder" classname="jobshop.encodings.ManualEncodingTests" time="0">
    <skipped message="Not ready yet"/>
  </testcase>
  <testcase name="testOptimalResourceOrder" classname="jobshop.encodings.ManualEncodingTests" time="0">
    <skipped message="Not ready yet"/>
  </testcase>
  <testcase name="testManualResourceOrder" classname="jobshop.encodings.ManualEncodingTests" time="0">
    <skipped message="Not ready yet"/>
  </testcase>
</testsuite>