<?xml version="1.0" encoding="UTF-8"?>
<testsuite xmlns:xsi="http://www.w3.org/2001/XMLSchema-instance" xsi:noNamespaceSchemaLocation="https://maven.apache.org/surefire/maven-surefire-plugin/xsd/surefire-test-report.xsd" name="jobshop.encodings.BasicSolverTests" time="0.069" tests="2" errors="1" skipped="0" failures="0">
  <properties>
[...]
</properties>
  <testcase name="testDescentSover" classname="jobshop.encodings.BasicSolverTests" time="0.029">
    <error message="Cannot read field &quot;task&quot; because &quot;task&quot; is null" type="java.lang.NullPointerException">java.lang.NullPointerException: Cannot read field "task" because "task" is null
	at jobshop.encodings.BasicSolverTests.testDescentSover(BasicSolverTests.java:51)
</error>
    <system-out><![CDATA[Je suis SPT
remove : (0, 0)
1
Je suis SPT
remove : (5, 0)
3
Je suis SPT
remove : (3, 0)
5
Je suis SPT
remove : (2, 0)
5
Je suis SPT
remove : (1, 0)
8
Je suis SPT
remove : (4, 0)
9
]]></system-out>
  </testcase>
  <testcase name="testBasicSolver" classname="jobshop.encodings.BasicSolverTests" time="0.011"/>
</testsuite>